[2025-03-13T19:09:29.795+0000] {local_task_job_runner.py:123} INFO - ::group::Pre task execution logs
[2025-03-13T19:09:29.856+0000] {taskinstance.py:2614} INFO - Dependencies all met for dep_context=non-requeueable deps ti=<TaskInstance: dag4_etl.extract_sales manual__2025-03-13T19:09:24.386751+00:00 [queued]>
[2025-03-13T19:09:29.877+0000] {taskinstance.py:2614} INFO - Dependencies all met for dep_context=requeueable deps ti=<TaskInstance: dag4_etl.extract_sales manual__2025-03-13T19:09:24.386751+00:00 [queued]>
[2025-03-13T19:09:29.878+0000] {taskinstance.py:2867} INFO - Starting attempt 1 of 1
[2025-03-13T19:09:29.902+0000] {taskinstance.py:2890} INFO - Executing <Task(PythonOperator): extract_sales> on 2025-03-13 19:09:24.386751+00:00
[2025-03-13T19:09:29.912+0000] {standard_task_runner.py:72} INFO - Started process 137943 to run task
[2025-03-13T19:09:29.920+0000] {standard_task_runner.py:104} INFO - Running: ['airflow', 'tasks', 'run', 'dag4_etl', 'extract_sales', 'manual__2025-03-13T19:09:24.386751+00:00', '--job-id', '144', '--raw', '--subdir', 'DAGS_FOLDER/dag4_etl.py', '--cfg-path', '/tmp/tmpd2m1secn']
[2025-03-13T19:09:29.922+0000] {standard_task_runner.py:105} INFO - Job 144: Subtask extract_sales
[2025-03-13T19:09:30.050+0000] {task_command.py:467} INFO - Running <TaskInstance: dag4_etl.extract_sales manual__2025-03-13T19:09:24.386751+00:00 [running]> on host DESKTOP-IM7V4RI.
[2025-03-13T19:09:30.263+0000] {taskinstance.py:3134} INFO - Exporting env vars: AIRFLOW_CTX_DAG_OWNER='airflow' AIRFLOW_CTX_DAG_ID='dag4_etl' AIRFLOW_CTX_TASK_ID='extract_sales' AIRFLOW_CTX_EXECUTION_DATE='2025-03-13T19:09:24.386751+00:00' AIRFLOW_CTX_TRY_NUMBER='1' AIRFLOW_CTX_DAG_RUN_ID='manual__2025-03-13T19:09:24.386751+00:00'
[2025-03-13T19:09:30.265+0000] {logging_mixin.py:190} INFO - Task instance is in running state
[2025-03-13T19:09:30.265+0000] {logging_mixin.py:190} INFO -  Previous state of the Task instance: queued
[2025-03-13T19:09:30.266+0000] {logging_mixin.py:190} INFO - Current task name:extract_sales state:running start_date:2025-03-13 19:09:29.856737+00:00
[2025-03-13T19:09:30.266+0000] {logging_mixin.py:190} INFO - Dag name:dag4_etl and current dag run status:running
[2025-03-13T19:09:30.267+0000] {taskinstance.py:732} INFO - ::endgroup::
[2025-03-13T19:09:30.293+0000] {base.py:84} INFO - Retrieving connection 'data_warehouse_db_conn'
[2025-03-13T19:09:32.646+0000] {logging_mixin.py:190} WARNING - /home/mohammed/venv/lib/python3.11/site-packages/airflow/providers/common/sql/hooks/sql.py:400 UserWarning: pandas only supports SQLAlchemy connectable (engine/connection) or database string URI or sqlite3 DBAPI2 connection. Other DBAPI2 objects are not tested. Please consider using SQLAlchemy.
[2025-03-13T19:09:32.716+0000] {logging_mixin.py:190} WARNING - /home/mohammed/airflow/dags/dag4_etl.py:24 FutureWarning: Calling int on a single element Series is deprecated and will raise a TypeError in the future. Use int(ser.iloc[0]) instead
[2025-03-13T19:09:32.749+0000] {base.py:84} INFO - Retrieving connection 'transactional_db_conn'
[2025-03-13T19:09:32.779+0000] {taskinstance.py:3313} ERROR - Task failed with exception
Traceback (most recent call last):
  File "/home/mohammed/venv/lib/python3.11/site-packages/pandas/io/sql.py", line 2674, in execute
    cur.execute(sql, *args)
psycopg2.ProgrammingError: can't execute an empty query

The above exception was the direct cause of the following exception:

Traceback (most recent call last):
  File "/home/mohammed/venv/lib/python3.11/site-packages/airflow/models/taskinstance.py", line 768, in _execute_task
    result = _execute_callable(context=context, **execute_callable_kwargs)
             ^^^^^^^^^^^^^^^^^^^^^^^^^^^^^^^^^^^^^^^^^^^^^^^^^^^^^^^^^^^^^
  File "/home/mohammed/venv/lib/python3.11/site-packages/airflow/models/taskinstance.py", line 734, in _execute_callable
    return ExecutionCallableRunner(
           ^^^^^^^^^^^^^^^^^^^^^^^^
  File "/home/mohammed/venv/lib/python3.11/site-packages/airflow/utils/operator_helpers.py", line 252, in run
    return self.func(*args, **kwargs)
           ^^^^^^^^^^^^^^^^^^^^^^^^^^
  File "/home/mohammed/venv/lib/python3.11/site-packages/airflow/models/baseoperator.py", line 424, in wrapper
    return func(self, *args, **kwargs)
           ^^^^^^^^^^^^^^^^^^^^^^^^^^^
  File "/home/mohammed/venv/lib/python3.11/site-packages/airflow/operators/python.py", line 238, in execute
    return_value = self.execute_callable()
                   ^^^^^^^^^^^^^^^^^^^^^^^
  File "/home/mohammed/venv/lib/python3.11/site-packages/airflow/operators/python.py", line 256, in execute_callable
    return runner.run(*self.op_args, **self.op_kwargs)
           ^^^^^^^^^^^^^^^^^^^^^^^^^^^^^^^^^^^^^^^^^^^
  File "/home/mohammed/venv/lib/python3.11/site-packages/airflow/utils/operator_helpers.py", line 252, in run
    return self.func(*args, **kwargs)
           ^^^^^^^^^^^^^^^^^^^^^^^^^^
  File "/home/mohammed/airflow/dags/dag4_etl.py", line 35, in extract_delta_data
    return postgres_hook.get_pandas_df(query).to_json(orient='records')
           ^^^^^^^^^^^^^^^^^^^^^^^^^^^^^^^^^^
  File "/home/mohammed/venv/lib/python3.11/site-packages/airflow/providers/common/sql/hooks/sql.py", line 400, in get_pandas_df
    return psql.read_sql(sql, con=conn, params=parameters, **kwargs)
           ^^^^^^^^^^^^^^^^^^^^^^^^^^^^^^^^^^^^^^^^^^^^^^^^^^^^^^^^^
  File "/home/mohammed/venv/lib/python3.11/site-packages/pandas/io/sql.py", line 706, in read_sql
    return pandas_sql.read_query(
           ^^^^^^^^^^^^^^^^^^^^^^
  File "/home/mohammed/venv/lib/python3.11/site-packages/pandas/io/sql.py", line 2738, in read_query
    cursor = self.execute(sql, params)
             ^^^^^^^^^^^^^^^^^^^^^^^^^
  File "/home/mohammed/venv/lib/python3.11/site-packages/pandas/io/sql.py", line 2686, in execute
    raise ex from exc
pandas.errors.DatabaseError: Execution failed on sql '': can't execute an empty query
[2025-03-13T19:09:32.852+0000] {logging_mixin.py:190} INFO - Task instance in failure state
[2025-03-13T19:09:32.852+0000] {logging_mixin.py:190} INFO - Task start:2025-03-13 19:09:29.856737+00:00 end:2025-03-13 19:09:32.849339+00:00 duration:2.992602
[2025-03-13T19:09:32.852+0000] {logging_mixin.py:190} INFO - Task:<Task(PythonOperator): extract_sales> dag:<DAG: dag4_etl> dagrun:<DagRun dag4_etl @ 2025-03-13 19:09:24.386751+00:00: manual__2025-03-13T19:09:24.386751+00:00, state:running, queued_at: 2025-03-13 19:09:24.411670+00:00. externally triggered: True>
[2025-03-13T19:09:32.853+0000] {logging_mixin.py:190} INFO - Failure caused by Execution failed on sql '': can't execute an empty query
[2025-03-13T19:09:32.853+0000] {taskinstance.py:1226} INFO - Marking task as FAILED. dag_id=dag4_etl, task_id=extract_sales, run_id=manual__2025-03-13T19:09:24.386751+00:00, execution_date=20250313T190924, start_date=20250313T190929, end_date=20250313T190932
[2025-03-13T19:09:32.952+0000] {taskinstance.py:341} INFO - ::group::Post task execution logs
[2025-03-13T19:09:32.953+0000] {standard_task_runner.py:124} ERROR - Failed to execute job 144 for task extract_sales (Execution failed on sql '': can't execute an empty query; 137943)
Traceback (most recent call last):
  File "/home/mohammed/venv/lib/python3.11/site-packages/pandas/io/sql.py", line 2674, in execute
    cur.execute(sql, *args)
psycopg2.ProgrammingError: can't execute an empty query

The above exception was the direct cause of the following exception:

Traceback (most recent call last):
  File "/home/mohammed/venv/lib/python3.11/site-packages/airflow/task/task_runner/standard_task_runner.py", line 117, in _start_by_fork
    ret = args.func(args, dag=self.dag)
          ^^^^^^^^^^^^^^^^^^^^^^^^^^^^^
  File "/home/mohammed/venv/lib/python3.11/site-packages/airflow/cli/cli_config.py", line 49, in command
    return func(*args, **kwargs)
           ^^^^^^^^^^^^^^^^^^^^^
  File "/home/mohammed/venv/lib/python3.11/site-packages/airflow/utils/cli.py", line 116, in wrapper
    return f(*args, **kwargs)
           ^^^^^^^^^^^^^^^^^^
  File "/home/mohammed/venv/lib/python3.11/site-packages/airflow/cli/commands/task_command.py", line 483, in task_run
    task_return_code = _run_task_by_selected_method(args, _dag, ti)
                       ^^^^^^^^^^^^^^^^^^^^^^^^^^^^^^^^^^^^^^^^^^^^
  File "/home/mohammed/venv/lib/python3.11/site-packages/airflow/cli/commands/task_command.py", line 256, in _run_task_by_selected_method
    return _run_raw_task(args, ti)
           ^^^^^^^^^^^^^^^^^^^^^^^
  File "/home/mohammed/venv/lib/python3.11/site-packages/airflow/cli/commands/task_command.py", line 341, in _run_raw_task
    return ti._run_raw_task(
           ^^^^^^^^^^^^^^^^^
  File "/home/mohammed/venv/lib/python3.11/site-packages/airflow/utils/session.py", line 97, in wrapper
    return func(*args, session=session, **kwargs)
           ^^^^^^^^^^^^^^^^^^^^^^^^^^^^^^^^^^^^^^
  File "/home/mohammed/venv/lib/python3.11/site-packages/airflow/models/taskinstance.py", line 3006, in _run_raw_task
    return _run_raw_task(
           ^^^^^^^^^^^^^^
  File "/home/mohammed/venv/lib/python3.11/site-packages/airflow/models/taskinstance.py", line 274, in _run_raw_task
    TaskInstance._execute_task_with_callbacks(
  File "/home/mohammed/venv/lib/python3.11/site-packages/airflow/models/taskinstance.py", line 3161, in _execute_task_with_callbacks
    result = self._execute_task(context, task_orig)
             ^^^^^^^^^^^^^^^^^^^^^^^^^^^^^^^^^^^^^^
  File "/home/mohammed/venv/lib/python3.11/site-packages/airflow/models/taskinstance.py", line 3185, in _execute_task
    return _execute_task(self, context, task_orig)
           ^^^^^^^^^^^^^^^^^^^^^^^^^^^^^^^^^^^^^^^
  File "/home/mohammed/venv/lib/python3.11/site-packages/airflow/models/taskinstance.py", line 768, in _execute_task
    result = _execute_callable(context=context, **execute_callable_kwargs)
             ^^^^^^^^^^^^^^^^^^^^^^^^^^^^^^^^^^^^^^^^^^^^^^^^^^^^^^^^^^^^^
  File "/home/mohammed/venv/lib/python3.11/site-packages/airflow/models/taskinstance.py", line 734, in _execute_callable
    return ExecutionCallableRunner(
           ^^^^^^^^^^^^^^^^^^^^^^^^
  File "/home/mohammed/venv/lib/python3.11/site-packages/airflow/utils/operator_helpers.py", line 252, in run
    return self.func(*args, **kwargs)
           ^^^^^^^^^^^^^^^^^^^^^^^^^^
  File "/home/mohammed/venv/lib/python3.11/site-packages/airflow/models/baseoperator.py", line 424, in wrapper
    return func(self, *args, **kwargs)
           ^^^^^^^^^^^^^^^^^^^^^^^^^^^
  File "/home/mohammed/venv/lib/python3.11/site-packages/airflow/operators/python.py", line 238, in execute
    return_value = self.execute_callable()
                   ^^^^^^^^^^^^^^^^^^^^^^^
  File "/home/mohammed/venv/lib/python3.11/site-packages/airflow/operators/python.py", line 256, in execute_callable
    return runner.run(*self.op_args, **self.op_kwargs)
           ^^^^^^^^^^^^^^^^^^^^^^^^^^^^^^^^^^^^^^^^^^^
  File "/home/mohammed/venv/lib/python3.11/site-packages/airflow/utils/operator_helpers.py", line 252, in run
    return self.func(*args, **kwargs)
           ^^^^^^^^^^^^^^^^^^^^^^^^^^
  File "/home/mohammed/airflow/dags/dag4_etl.py", line 35, in extract_delta_data
    return postgres_hook.get_pandas_df(query).to_json(orient='records')
           ^^^^^^^^^^^^^^^^^^^^^^^^^^^^^^^^^^
  File "/home/mohammed/venv/lib/python3.11/site-packages/airflow/providers/common/sql/hooks/sql.py", line 400, in get_pandas_df
    return psql.read_sql(sql, con=conn, params=parameters, **kwargs)
           ^^^^^^^^^^^^^^^^^^^^^^^^^^^^^^^^^^^^^^^^^^^^^^^^^^^^^^^^^
  File "/home/mohammed/venv/lib/python3.11/site-packages/pandas/io/sql.py", line 706, in read_sql
    return pandas_sql.read_query(
           ^^^^^^^^^^^^^^^^^^^^^^
  File "/home/mohammed/venv/lib/python3.11/site-packages/pandas/io/sql.py", line 2738, in read_query
    cursor = self.execute(sql, params)
             ^^^^^^^^^^^^^^^^^^^^^^^^^
  File "/home/mohammed/venv/lib/python3.11/site-packages/pandas/io/sql.py", line 2686, in execute
    raise ex from exc
pandas.errors.DatabaseError: Execution failed on sql '': can't execute an empty query
[2025-03-13T19:09:32.982+0000] {local_task_job_runner.py:266} INFO - Task exited with return code 1
[2025-03-13T19:09:33.034+0000] {taskinstance.py:3901} INFO - 0 downstream tasks scheduled from follow-on schedule check
[2025-03-13T19:09:33.052+0000] {local_task_job_runner.py:245} INFO - ::endgroup::
