[2025-03-18T19:55:36.124+0000] {local_task_job_runner.py:123} INFO - ::group::Pre task execution logs
[2025-03-18T19:55:36.195+0000] {taskinstance.py:2614} INFO - Dependencies all met for dep_context=non-requeueable deps ti=<TaskInstance: process_clean_reviews.sentiment_analysis manual__2025-03-18T19:55:26.819599+00:00 [queued]>
[2025-03-18T19:55:36.241+0000] {taskinstance.py:2614} INFO - Dependencies all met for dep_context=requeueable deps ti=<TaskInstance: process_clean_reviews.sentiment_analysis manual__2025-03-18T19:55:26.819599+00:00 [queued]>
[2025-03-18T19:55:36.242+0000] {taskinstance.py:2867} INFO - Starting attempt 1 of 2
[2025-03-18T19:55:36.298+0000] {taskinstance.py:2890} INFO - Executing <Task(BashOperator): sentiment_analysis> on 2025-03-18 19:55:26.819599+00:00
[2025-03-18T19:55:36.317+0000] {standard_task_runner.py:72} INFO - Started process 74007 to run task
[2025-03-18T19:55:36.331+0000] {standard_task_runner.py:104} INFO - Running: ['airflow', 'tasks', 'run', 'process_clean_reviews', 'sentiment_analysis', 'manual__2025-03-18T19:55:26.819599+00:00', '--job-id', '1209', '--raw', '--subdir', 'DAGS_FOLDER/process_clean_reviews.py', '--cfg-path', '/tmp/tmpgpvlr6kw']
[2025-03-18T19:55:36.334+0000] {standard_task_runner.py:105} INFO - Job 1209: Subtask sentiment_analysis
[2025-03-18T19:55:36.543+0000] {task_command.py:467} INFO - Running <TaskInstance: process_clean_reviews.sentiment_analysis manual__2025-03-18T19:55:26.819599+00:00 [running]> on host DESKTOP-IM7V4RI.
[2025-03-18T19:55:36.897+0000] {taskinstance.py:3134} INFO - Exporting env vars: AIRFLOW_CTX_DAG_OWNER='airflow' AIRFLOW_CTX_DAG_ID='process_clean_reviews' AIRFLOW_CTX_TASK_ID='sentiment_analysis' AIRFLOW_CTX_EXECUTION_DATE='2025-03-18T19:55:26.819599+00:00' AIRFLOW_CTX_TRY_NUMBER='1' AIRFLOW_CTX_DAG_RUN_ID='manual__2025-03-18T19:55:26.819599+00:00'
[2025-03-18T19:55:36.900+0000] {logging_mixin.py:190} INFO - Task instance is in running state
[2025-03-18T19:55:36.900+0000] {logging_mixin.py:190} INFO -  Previous state of the Task instance: queued
[2025-03-18T19:55:36.901+0000] {logging_mixin.py:190} INFO - Current task name:sentiment_analysis state:running start_date:2025-03-18 19:55:36.196205+00:00
[2025-03-18T19:55:36.902+0000] {logging_mixin.py:190} INFO - Dag name:process_clean_reviews and current dag run status:running
[2025-03-18T19:55:36.904+0000] {taskinstance.py:732} INFO - ::endgroup::
[2025-03-18T19:55:36.909+0000] {subprocess.py:78} INFO - Tmp dir root location: /tmp
[2025-03-18T19:55:36.914+0000] {subprocess.py:88} INFO - Running command: ['/usr/bin/bash', '-c', 'python3 /home/mohammed/airflow/scripts/sentiment_analysis.py']
[2025-03-18T19:55:36.949+0000] {subprocess.py:99} INFO - Output:
[2025-03-18T19:55:40.384+0000] {subprocess.py:106} INFO - /home/mohammed/venv/lib/python3.11/site-packages/fuzzywuzzy/fuzz.py:11: UserWarning: Using slow pure-python SequenceMatcher. Install python-Levenshtein to remove this warning
[2025-03-18T19:55:40.385+0000] {subprocess.py:106} INFO -   warnings.warn('Using slow pure-python SequenceMatcher. Install python-Levenshtein to remove this warning')
[2025-03-18T19:55:48.599+0000] {subprocess.py:106} INFO - [nltk_data] Downloading package vader_lexicon to
[2025-03-18T19:55:48.600+0000] {subprocess.py:106} INFO - [nltk_data]     /home/mohammed/nltk_data...
[2025-03-18T19:55:48.601+0000] {subprocess.py:106} INFO - [nltk_data]   Package vader_lexicon is already up-to-date!
[2025-03-18T19:55:48.852+0000] {subprocess.py:106} INFO - Traceback (most recent call last):
[2025-03-18T19:55:48.853+0000] {subprocess.py:106} INFO -   File "/home/mohammed/venv/lib/python3.11/site-packages/transformers/utils/hub.py", line 402, in cached_file
[2025-03-18T19:55:48.853+0000] {subprocess.py:106} INFO -     resolved_file = hf_hub_download(
[2025-03-18T19:55:48.854+0000] {subprocess.py:106} INFO -                     ^^^^^^^^^^^^^^^^
[2025-03-18T19:55:48.854+0000] {subprocess.py:106} INFO -   File "/home/mohammed/venv/lib/python3.11/site-packages/huggingface_hub/utils/_validators.py", line 106, in _inner_fn
[2025-03-18T19:55:48.854+0000] {subprocess.py:106} INFO -     validate_repo_id(arg_value)
[2025-03-18T19:55:48.855+0000] {subprocess.py:106} INFO -   File "/home/mohammed/venv/lib/python3.11/site-packages/huggingface_hub/utils/_validators.py", line 154, in validate_repo_id
[2025-03-18T19:55:48.857+0000] {subprocess.py:106} INFO -     raise HFValidationError(
[2025-03-18T19:55:48.858+0000] {subprocess.py:106} INFO - huggingface_hub.errors.HFValidationError: Repo id must be in the form 'repo_name' or 'namespace/repo_name': '/home/mohammed/.camel_tools/data/sentiment_analysis/arabert'. Use `repo_type` argument if needed.
[2025-03-18T19:55:48.859+0000] {subprocess.py:106} INFO - 
[2025-03-18T19:55:48.859+0000] {subprocess.py:106} INFO - The above exception was the direct cause of the following exception:
[2025-03-18T19:55:48.859+0000] {subprocess.py:106} INFO - 
[2025-03-18T19:55:48.860+0000] {subprocess.py:106} INFO - Traceback (most recent call last):
[2025-03-18T19:55:48.860+0000] {subprocess.py:106} INFO -   File "/home/mohammed/airflow/scripts/sentiment_analysis.py", line 68, in <module>
[2025-03-18T19:55:48.861+0000] {subprocess.py:106} INFO -     arabic_sa = SentimentAnalyzer.pretrained()  # Arabic sentiment analyzer (No arguments)
[2025-03-18T19:55:48.861+0000] {subprocess.py:106} INFO -                 ^^^^^^^^^^^^^^^^^^^^^^^^^^^^^^
[2025-03-18T19:55:48.861+0000] {subprocess.py:106} INFO -   File "/home/mohammed/venv/lib/python3.11/site-packages/camel_tools/sentiment/__init__.py", line 106, in pretrained
[2025-03-18T19:55:48.861+0000] {subprocess.py:106} INFO -     return SentimentAnalyzer(model_path, use_gpu)
[2025-03-18T19:55:48.862+0000] {subprocess.py:106} INFO -            ^^^^^^^^^^^^^^^^^^^^^^^^^^^^^^^^^^^^^^
[2025-03-18T19:55:48.862+0000] {subprocess.py:106} INFO -   File "/home/mohammed/venv/lib/python3.11/site-packages/camel_tools/sentiment/__init__.py", line 77, in __init__
[2025-03-18T19:55:48.863+0000] {subprocess.py:106} INFO -     self.model = BertForSequenceClassification.from_pretrained(model_path)
[2025-03-18T19:55:48.863+0000] {subprocess.py:106} INFO -                  ^^^^^^^^^^^^^^^^^^^^^^^^^^^^^^^^^^^^^^^^^^^^^^^^^^^^^^^^^
[2025-03-18T19:55:48.864+0000] {subprocess.py:106} INFO -   File "/home/mohammed/venv/lib/python3.11/site-packages/transformers/modeling_utils.py", line 3213, in from_pretrained
[2025-03-18T19:55:48.864+0000] {subprocess.py:106} INFO -     resolved_config_file = cached_file(
[2025-03-18T19:55:48.865+0000] {subprocess.py:106} INFO -                            ^^^^^^^^^^^^
[2025-03-18T19:55:48.865+0000] {subprocess.py:106} INFO -   File "/home/mohammed/venv/lib/python3.11/site-packages/transformers/utils/hub.py", line 466, in cached_file
[2025-03-18T19:55:48.866+0000] {subprocess.py:106} INFO -     raise EnvironmentError(
[2025-03-18T19:55:48.866+0000] {subprocess.py:106} INFO - OSError: Incorrect path_or_model_id: '/home/mohammed/.camel_tools/data/sentiment_analysis/arabert'. Please provide either the path to a local folder or the repo_id of a model on the Hub.
[2025-03-18T19:55:50.204+0000] {subprocess.py:110} INFO - Command exited with return code 1
[2025-03-18T19:55:50.247+0000] {taskinstance.py:3313} ERROR - Task failed with exception
Traceback (most recent call last):
  File "/home/mohammed/venv/lib/python3.11/site-packages/airflow/models/taskinstance.py", line 768, in _execute_task
    result = _execute_callable(context=context, **execute_callable_kwargs)
             ^^^^^^^^^^^^^^^^^^^^^^^^^^^^^^^^^^^^^^^^^^^^^^^^^^^^^^^^^^^^^
  File "/home/mohammed/venv/lib/python3.11/site-packages/airflow/models/taskinstance.py", line 734, in _execute_callable
    return ExecutionCallableRunner(
           ^^^^^^^^^^^^^^^^^^^^^^^^
  File "/home/mohammed/venv/lib/python3.11/site-packages/airflow/utils/operator_helpers.py", line 252, in run
    return self.func(*args, **kwargs)
           ^^^^^^^^^^^^^^^^^^^^^^^^^^
  File "/home/mohammed/venv/lib/python3.11/site-packages/airflow/models/baseoperator.py", line 424, in wrapper
    return func(self, *args, **kwargs)
           ^^^^^^^^^^^^^^^^^^^^^^^^^^^
  File "/home/mohammed/venv/lib/python3.11/site-packages/airflow/operators/bash.py", line 276, in execute
    raise AirflowException(
airflow.exceptions.AirflowException: Bash command failed. The command returned a non-zero exit code 1.
[2025-03-18T19:55:50.269+0000] {logging_mixin.py:190} INFO - Task instance in failure state
[2025-03-18T19:55:50.270+0000] {logging_mixin.py:190} INFO - Task start:2025-03-18 19:55:36.196205+00:00 end:2025-03-18 19:55:50.268247+00:00 duration:14.072042
[2025-03-18T19:55:50.271+0000] {logging_mixin.py:190} INFO - Task:<Task(BashOperator): sentiment_analysis> dag:<DAG: process_clean_reviews> dagrun:<DagRun process_clean_reviews @ 2025-03-18 19:55:26.819599+00:00: manual__2025-03-18T19:55:26.819599+00:00, state:running, queued_at: 2025-03-18 19:55:26.923857+00:00. externally triggered: True>
[2025-03-18T19:55:50.272+0000] {logging_mixin.py:190} INFO - Failure caused by Bash command failed. The command returned a non-zero exit code 1.
[2025-03-18T19:55:50.273+0000] {taskinstance.py:1226} INFO - Marking task as UP_FOR_RETRY. dag_id=process_clean_reviews, task_id=sentiment_analysis, run_id=manual__2025-03-18T19:55:26.819599+00:00, execution_date=20250318T195526, start_date=20250318T195536, end_date=20250318T195550
[2025-03-18T19:55:50.400+0000] {taskinstance.py:341} INFO - ::group::Post task execution logs
[2025-03-18T19:55:50.401+0000] {standard_task_runner.py:124} ERROR - Failed to execute job 1209 for task sentiment_analysis (Bash command failed. The command returned a non-zero exit code 1.; 74007)
Traceback (most recent call last):
  File "/home/mohammed/venv/lib/python3.11/site-packages/airflow/task/task_runner/standard_task_runner.py", line 117, in _start_by_fork
    ret = args.func(args, dag=self.dag)
          ^^^^^^^^^^^^^^^^^^^^^^^^^^^^^
  File "/home/mohammed/venv/lib/python3.11/site-packages/airflow/cli/cli_config.py", line 49, in command
    return func(*args, **kwargs)
           ^^^^^^^^^^^^^^^^^^^^^
  File "/home/mohammed/venv/lib/python3.11/site-packages/airflow/utils/cli.py", line 116, in wrapper
    return f(*args, **kwargs)
           ^^^^^^^^^^^^^^^^^^
  File "/home/mohammed/venv/lib/python3.11/site-packages/airflow/cli/commands/task_command.py", line 483, in task_run
    task_return_code = _run_task_by_selected_method(args, _dag, ti)
                       ^^^^^^^^^^^^^^^^^^^^^^^^^^^^^^^^^^^^^^^^^^^^
  File "/home/mohammed/venv/lib/python3.11/site-packages/airflow/cli/commands/task_command.py", line 256, in _run_task_by_selected_method
    return _run_raw_task(args, ti)
           ^^^^^^^^^^^^^^^^^^^^^^^
  File "/home/mohammed/venv/lib/python3.11/site-packages/airflow/cli/commands/task_command.py", line 341, in _run_raw_task
    return ti._run_raw_task(
           ^^^^^^^^^^^^^^^^^
  File "/home/mohammed/venv/lib/python3.11/site-packages/airflow/utils/session.py", line 97, in wrapper
    return func(*args, session=session, **kwargs)
           ^^^^^^^^^^^^^^^^^^^^^^^^^^^^^^^^^^^^^^
  File "/home/mohammed/venv/lib/python3.11/site-packages/airflow/models/taskinstance.py", line 3006, in _run_raw_task
    return _run_raw_task(
           ^^^^^^^^^^^^^^
  File "/home/mohammed/venv/lib/python3.11/site-packages/airflow/models/taskinstance.py", line 274, in _run_raw_task
    TaskInstance._execute_task_with_callbacks(
  File "/home/mohammed/venv/lib/python3.11/site-packages/airflow/models/taskinstance.py", line 3161, in _execute_task_with_callbacks
    result = self._execute_task(context, task_orig)
             ^^^^^^^^^^^^^^^^^^^^^^^^^^^^^^^^^^^^^^
  File "/home/mohammed/venv/lib/python3.11/site-packages/airflow/models/taskinstance.py", line 3185, in _execute_task
    return _execute_task(self, context, task_orig)
           ^^^^^^^^^^^^^^^^^^^^^^^^^^^^^^^^^^^^^^^
  File "/home/mohammed/venv/lib/python3.11/site-packages/airflow/models/taskinstance.py", line 768, in _execute_task
    result = _execute_callable(context=context, **execute_callable_kwargs)
             ^^^^^^^^^^^^^^^^^^^^^^^^^^^^^^^^^^^^^^^^^^^^^^^^^^^^^^^^^^^^^
  File "/home/mohammed/venv/lib/python3.11/site-packages/airflow/models/taskinstance.py", line 734, in _execute_callable
    return ExecutionCallableRunner(
           ^^^^^^^^^^^^^^^^^^^^^^^^
  File "/home/mohammed/venv/lib/python3.11/site-packages/airflow/utils/operator_helpers.py", line 252, in run
    return self.func(*args, **kwargs)
           ^^^^^^^^^^^^^^^^^^^^^^^^^^
  File "/home/mohammed/venv/lib/python3.11/site-packages/airflow/models/baseoperator.py", line 424, in wrapper
    return func(self, *args, **kwargs)
           ^^^^^^^^^^^^^^^^^^^^^^^^^^^
  File "/home/mohammed/venv/lib/python3.11/site-packages/airflow/operators/bash.py", line 276, in execute
    raise AirflowException(
airflow.exceptions.AirflowException: Bash command failed. The command returned a non-zero exit code 1.
[2025-03-18T19:55:50.438+0000] {local_task_job_runner.py:266} INFO - Task exited with return code 1
[2025-03-18T19:55:50.493+0000] {taskinstance.py:3901} INFO - 0 downstream tasks scheduled from follow-on schedule check
[2025-03-18T19:55:50.499+0000] {local_task_job_runner.py:245} INFO - ::endgroup::
