[2025-03-18T21:39:56.849+0000] {local_task_job_runner.py:123} INFO - ::group::Pre task execution logs
[2025-03-18T21:39:56.953+0000] {taskinstance.py:2614} INFO - Dependencies all met for dep_context=non-requeueable deps ti=<TaskInstance: process_clean_reviews.sentiment_analysis manual__2025-03-18T21:39:23.516317+00:00 [queued]>
[2025-03-18T21:39:56.984+0000] {taskinstance.py:2614} INFO - Dependencies all met for dep_context=requeueable deps ti=<TaskInstance: process_clean_reviews.sentiment_analysis manual__2025-03-18T21:39:23.516317+00:00 [queued]>
[2025-03-18T21:39:56.986+0000] {taskinstance.py:2867} INFO - Starting attempt 1 of 2
[2025-03-18T21:39:57.047+0000] {taskinstance.py:2890} INFO - Executing <Task(BashOperator): sentiment_analysis> on 2025-03-18 21:39:23.516317+00:00
[2025-03-18T21:39:57.067+0000] {standard_task_runner.py:72} INFO - Started process 92842 to run task
[2025-03-18T21:39:57.083+0000] {standard_task_runner.py:104} INFO - Running: ['airflow', 'tasks', 'run', 'process_clean_reviews', 'sentiment_analysis', 'manual__2025-03-18T21:39:23.516317+00:00', '--job-id', '1212', '--raw', '--subdir', 'DAGS_FOLDER/process_clean_reviews.py', '--cfg-path', '/tmp/tmp87lmqnu2']
[2025-03-18T21:39:57.093+0000] {standard_task_runner.py:105} INFO - Job 1212: Subtask sentiment_analysis
[2025-03-18T21:39:57.633+0000] {task_command.py:467} INFO - Running <TaskInstance: process_clean_reviews.sentiment_analysis manual__2025-03-18T21:39:23.516317+00:00 [running]> on host DESKTOP-IM7V4RI.
[2025-03-18T21:39:58.057+0000] {taskinstance.py:3134} INFO - Exporting env vars: AIRFLOW_CTX_DAG_OWNER='airflow' AIRFLOW_CTX_DAG_ID='process_clean_reviews' AIRFLOW_CTX_TASK_ID='sentiment_analysis' AIRFLOW_CTX_EXECUTION_DATE='2025-03-18T21:39:23.516317+00:00' AIRFLOW_CTX_TRY_NUMBER='1' AIRFLOW_CTX_DAG_RUN_ID='manual__2025-03-18T21:39:23.516317+00:00'
[2025-03-18T21:39:58.092+0000] {logging_mixin.py:190} INFO - Task instance is in running state
[2025-03-18T21:39:58.093+0000] {logging_mixin.py:190} INFO -  Previous state of the Task instance: queued
[2025-03-18T21:39:58.094+0000] {logging_mixin.py:190} INFO - Current task name:sentiment_analysis state:running start_date:2025-03-18 21:39:56.955352+00:00
[2025-03-18T21:39:58.094+0000] {logging_mixin.py:190} INFO - Dag name:process_clean_reviews and current dag run status:running
[2025-03-18T21:39:58.095+0000] {taskinstance.py:732} INFO - ::endgroup::
[2025-03-18T21:39:58.100+0000] {subprocess.py:78} INFO - Tmp dir root location: /tmp
[2025-03-18T21:39:58.105+0000] {subprocess.py:88} INFO - Running command: ['/usr/bin/bash', '-c', 'python3 /home/mohammed/airflow/scripts/sentiment_analysis.py']
[2025-03-18T21:39:58.143+0000] {subprocess.py:99} INFO - Output:
[2025-03-18T21:40:07.503+0000] {subprocess.py:106} INFO - /home/mohammed/venv/lib/python3.11/site-packages/fuzzywuzzy/fuzz.py:11: UserWarning: Using slow pure-python SequenceMatcher. Install python-Levenshtein to remove this warning
[2025-03-18T21:40:07.504+0000] {subprocess.py:106} INFO -   warnings.warn('Using slow pure-python SequenceMatcher. Install python-Levenshtein to remove this warning')
[2025-03-18T21:40:27.447+0000] {subprocess.py:106} INFO - [nltk_data] Downloading package vader_lexicon to
[2025-03-18T21:40:27.448+0000] {subprocess.py:106} INFO - [nltk_data]     /home/mohammed/nltk_data...
[2025-03-18T21:40:27.449+0000] {subprocess.py:106} INFO - [nltk_data]   Package vader_lexicon is already up-to-date!
[2025-03-18T21:40:27.965+0000] {subprocess.py:106} INFO - Traceback (most recent call last):
[2025-03-18T21:40:27.967+0000] {subprocess.py:106} INFO -   File "/home/mohammed/venv/lib/python3.11/site-packages/transformers/utils/hub.py", line 402, in cached_file
[2025-03-18T21:40:27.968+0000] {subprocess.py:106} INFO -     resolved_file = hf_hub_download(
[2025-03-18T21:40:27.969+0000] {subprocess.py:106} INFO -                     ^^^^^^^^^^^^^^^^
[2025-03-18T21:40:27.971+0000] {subprocess.py:106} INFO -   File "/home/mohammed/venv/lib/python3.11/site-packages/huggingface_hub/utils/_validators.py", line 106, in _inner_fn
[2025-03-18T21:40:27.973+0000] {subprocess.py:106} INFO -     validate_repo_id(arg_value)
[2025-03-18T21:40:27.974+0000] {subprocess.py:106} INFO -   File "/home/mohammed/venv/lib/python3.11/site-packages/huggingface_hub/utils/_validators.py", line 154, in validate_repo_id
[2025-03-18T21:40:27.975+0000] {subprocess.py:106} INFO -     raise HFValidationError(
[2025-03-18T21:40:27.976+0000] {subprocess.py:106} INFO - huggingface_hub.errors.HFValidationError: Repo id must be in the form 'repo_name' or 'namespace/repo_name': '/home/mohammed/.camel_tools/data/sentiment_analysis/arabert'. Use `repo_type` argument if needed.
[2025-03-18T21:40:27.976+0000] {subprocess.py:106} INFO - 
[2025-03-18T21:40:27.977+0000] {subprocess.py:106} INFO - The above exception was the direct cause of the following exception:
[2025-03-18T21:40:27.978+0000] {subprocess.py:106} INFO - 
[2025-03-18T21:40:27.978+0000] {subprocess.py:106} INFO - Traceback (most recent call last):
[2025-03-18T21:40:27.979+0000] {subprocess.py:106} INFO -   File "/home/mohammed/airflow/scripts/sentiment_analysis.py", line 70, in <module>
[2025-03-18T21:40:27.979+0000] {subprocess.py:106} INFO -     arabic_sa = SentimentAnalyzer.pretrained()  # Arabic sentiment analyzer
[2025-03-18T21:40:27.980+0000] {subprocess.py:106} INFO -                 ^^^^^^^^^^^^^^^^^^^^^^^^^^^^^^
[2025-03-18T21:40:27.980+0000] {subprocess.py:106} INFO -   File "/home/mohammed/venv/lib/python3.11/site-packages/camel_tools/sentiment/__init__.py", line 106, in pretrained
[2025-03-18T21:40:27.981+0000] {subprocess.py:106} INFO -     return SentimentAnalyzer(model_path, use_gpu)
[2025-03-18T21:40:27.982+0000] {subprocess.py:106} INFO -            ^^^^^^^^^^^^^^^^^^^^^^^^^^^^^^^^^^^^^^
[2025-03-18T21:40:27.983+0000] {subprocess.py:106} INFO -   File "/home/mohammed/venv/lib/python3.11/site-packages/camel_tools/sentiment/__init__.py", line 77, in __init__
[2025-03-18T21:40:27.983+0000] {subprocess.py:106} INFO -     self.model = BertForSequenceClassification.from_pretrained(model_path)
[2025-03-18T21:40:27.984+0000] {subprocess.py:106} INFO -                  ^^^^^^^^^^^^^^^^^^^^^^^^^^^^^^^^^^^^^^^^^^^^^^^^^^^^^^^^^
[2025-03-18T21:40:27.984+0000] {subprocess.py:106} INFO -   File "/home/mohammed/venv/lib/python3.11/site-packages/transformers/modeling_utils.py", line 3213, in from_pretrained
[2025-03-18T21:40:27.986+0000] {subprocess.py:106} INFO -     resolved_config_file = cached_file(
[2025-03-18T21:40:27.987+0000] {subprocess.py:106} INFO -                            ^^^^^^^^^^^^
[2025-03-18T21:40:27.989+0000] {subprocess.py:106} INFO -   File "/home/mohammed/venv/lib/python3.11/site-packages/transformers/utils/hub.py", line 466, in cached_file
[2025-03-18T21:40:27.990+0000] {subprocess.py:106} INFO -     raise EnvironmentError(
[2025-03-18T21:40:27.992+0000] {subprocess.py:106} INFO - OSError: Incorrect path_or_model_id: '/home/mohammed/.camel_tools/data/sentiment_analysis/arabert'. Please provide either the path to a local folder or the repo_id of a model on the Hub.
[2025-03-18T21:40:30.242+0000] {subprocess.py:110} INFO - Command exited with return code 1
[2025-03-18T21:40:30.326+0000] {taskinstance.py:3313} ERROR - Task failed with exception
Traceback (most recent call last):
  File "/home/mohammed/venv/lib/python3.11/site-packages/airflow/models/taskinstance.py", line 768, in _execute_task
    result = _execute_callable(context=context, **execute_callable_kwargs)
             ^^^^^^^^^^^^^^^^^^^^^^^^^^^^^^^^^^^^^^^^^^^^^^^^^^^^^^^^^^^^^
  File "/home/mohammed/venv/lib/python3.11/site-packages/airflow/models/taskinstance.py", line 734, in _execute_callable
    return ExecutionCallableRunner(
           ^^^^^^^^^^^^^^^^^^^^^^^^
  File "/home/mohammed/venv/lib/python3.11/site-packages/airflow/utils/operator_helpers.py", line 252, in run
    return self.func(*args, **kwargs)
           ^^^^^^^^^^^^^^^^^^^^^^^^^^
  File "/home/mohammed/venv/lib/python3.11/site-packages/airflow/models/baseoperator.py", line 424, in wrapper
    return func(self, *args, **kwargs)
           ^^^^^^^^^^^^^^^^^^^^^^^^^^^
  File "/home/mohammed/venv/lib/python3.11/site-packages/airflow/operators/bash.py", line 276, in execute
    raise AirflowException(
airflow.exceptions.AirflowException: Bash command failed. The command returned a non-zero exit code 1.
[2025-03-18T21:40:30.398+0000] {logging_mixin.py:190} INFO - Task instance in failure state
[2025-03-18T21:40:30.399+0000] {logging_mixin.py:190} INFO - Task start:2025-03-18 21:39:56.955352+00:00 end:2025-03-18 21:40:30.372619+00:00 duration:33.417267
[2025-03-18T21:40:30.400+0000] {logging_mixin.py:190} INFO - Task:<Task(BashOperator): sentiment_analysis> dag:<DAG: process_clean_reviews> dagrun:<DagRun process_clean_reviews @ 2025-03-18 21:39:23.516317+00:00: manual__2025-03-18T21:39:23.516317+00:00, state:running, queued_at: 2025-03-18 21:39:23.928027+00:00. externally triggered: True>
[2025-03-18T21:40:30.401+0000] {logging_mixin.py:190} INFO - Failure caused by Bash command failed. The command returned a non-zero exit code 1.
[2025-03-18T21:40:30.402+0000] {taskinstance.py:1226} INFO - Marking task as UP_FOR_RETRY. dag_id=process_clean_reviews, task_id=sentiment_analysis, run_id=manual__2025-03-18T21:39:23.516317+00:00, execution_date=20250318T213923, start_date=20250318T213956, end_date=20250318T214030
[2025-03-18T21:40:30.748+0000] {taskinstance.py:341} INFO - ::group::Post task execution logs
[2025-03-18T21:40:30.751+0000] {standard_task_runner.py:124} ERROR - Failed to execute job 1212 for task sentiment_analysis (Bash command failed. The command returned a non-zero exit code 1.; 92842)
Traceback (most recent call last):
  File "/home/mohammed/venv/lib/python3.11/site-packages/airflow/task/task_runner/standard_task_runner.py", line 117, in _start_by_fork
    ret = args.func(args, dag=self.dag)
          ^^^^^^^^^^^^^^^^^^^^^^^^^^^^^
  File "/home/mohammed/venv/lib/python3.11/site-packages/airflow/cli/cli_config.py", line 49, in command
    return func(*args, **kwargs)
           ^^^^^^^^^^^^^^^^^^^^^
  File "/home/mohammed/venv/lib/python3.11/site-packages/airflow/utils/cli.py", line 116, in wrapper
    return f(*args, **kwargs)
           ^^^^^^^^^^^^^^^^^^
  File "/home/mohammed/venv/lib/python3.11/site-packages/airflow/cli/commands/task_command.py", line 483, in task_run
    task_return_code = _run_task_by_selected_method(args, _dag, ti)
                       ^^^^^^^^^^^^^^^^^^^^^^^^^^^^^^^^^^^^^^^^^^^^
  File "/home/mohammed/venv/lib/python3.11/site-packages/airflow/cli/commands/task_command.py", line 256, in _run_task_by_selected_method
    return _run_raw_task(args, ti)
           ^^^^^^^^^^^^^^^^^^^^^^^
  File "/home/mohammed/venv/lib/python3.11/site-packages/airflow/cli/commands/task_command.py", line 341, in _run_raw_task
    return ti._run_raw_task(
           ^^^^^^^^^^^^^^^^^
  File "/home/mohammed/venv/lib/python3.11/site-packages/airflow/utils/session.py", line 97, in wrapper
    return func(*args, session=session, **kwargs)
           ^^^^^^^^^^^^^^^^^^^^^^^^^^^^^^^^^^^^^^
  File "/home/mohammed/venv/lib/python3.11/site-packages/airflow/models/taskinstance.py", line 3006, in _run_raw_task
    return _run_raw_task(
           ^^^^^^^^^^^^^^
  File "/home/mohammed/venv/lib/python3.11/site-packages/airflow/models/taskinstance.py", line 274, in _run_raw_task
    TaskInstance._execute_task_with_callbacks(
  File "/home/mohammed/venv/lib/python3.11/site-packages/airflow/models/taskinstance.py", line 3161, in _execute_task_with_callbacks
    result = self._execute_task(context, task_orig)
             ^^^^^^^^^^^^^^^^^^^^^^^^^^^^^^^^^^^^^^
  File "/home/mohammed/venv/lib/python3.11/site-packages/airflow/models/taskinstance.py", line 3185, in _execute_task
    return _execute_task(self, context, task_orig)
           ^^^^^^^^^^^^^^^^^^^^^^^^^^^^^^^^^^^^^^^
  File "/home/mohammed/venv/lib/python3.11/site-packages/airflow/models/taskinstance.py", line 768, in _execute_task
    result = _execute_callable(context=context, **execute_callable_kwargs)
             ^^^^^^^^^^^^^^^^^^^^^^^^^^^^^^^^^^^^^^^^^^^^^^^^^^^^^^^^^^^^^
  File "/home/mohammed/venv/lib/python3.11/site-packages/airflow/models/taskinstance.py", line 734, in _execute_callable
    return ExecutionCallableRunner(
           ^^^^^^^^^^^^^^^^^^^^^^^^
  File "/home/mohammed/venv/lib/python3.11/site-packages/airflow/utils/operator_helpers.py", line 252, in run
    return self.func(*args, **kwargs)
           ^^^^^^^^^^^^^^^^^^^^^^^^^^
  File "/home/mohammed/venv/lib/python3.11/site-packages/airflow/models/baseoperator.py", line 424, in wrapper
    return func(self, *args, **kwargs)
           ^^^^^^^^^^^^^^^^^^^^^^^^^^^
  File "/home/mohammed/venv/lib/python3.11/site-packages/airflow/operators/bash.py", line 276, in execute
    raise AirflowException(
airflow.exceptions.AirflowException: Bash command failed. The command returned a non-zero exit code 1.
[2025-03-18T21:40:30.830+0000] {local_task_job_runner.py:266} INFO - Task exited with return code 1
[2025-03-18T21:40:30.972+0000] {taskinstance.py:3901} INFO - 0 downstream tasks scheduled from follow-on schedule check
[2025-03-18T21:40:30.979+0000] {local_task_job_runner.py:245} INFO - ::endgroup::
